Arguments: 
  E:\Node.js\node.exe C:\Users\zhujinfa\AppData\Roaming\npm\node_modules\yarn\bin\yarn.js init

PATH: 
  C:\Users\zhujinfa\bin;E:\MyBlog\git\Git\mingw64\bin;E:\MyBlog\git\Git\usr\local\bin;E:\MyBlog\git\Git\usr\bin;E:\MyBlog\git\Git\usr\bin;E:\MyBlog\git\Git\mingw64\bin;E:\MyBlog\git\Git\usr\bin;C:\Users\zhujinfa\bin;C:\Program Files (x86)\Intel\Intel(R) Management Engine Components\iCLS;C:\Program Files\Intel\Intel(R) Management Engine Components\iCLS;C:\Windows\system32;C:\Windows;C:\Windows\System32\Wbem;C:\Windows\System32\WindowsPowerShell\v1.0;C:\Windows\System32\OpenSSH;C:\Program Files (x86)\Intel\Intel(R) Management Engine Components\DAL;C:\Program Files\Intel\Intel(R) Management Engine Components\DAL;C:\Program Files (x86)\Intel\Intel(R) Management Engine Components\IPT;C:\Program Files\Intel\Intel(R) Management Engine Components\IPT;C:\Program Files\Intel\WiFi\bin;C:\Program Files\Common Files\Intel\WirelessCommon;C:\Program Files (x86)\NVIDIA Corporation\PhysX\Common;C:\Windows\system32;C:\Windows;C:\Windows\System32\Wbem;C:\Windows\System32\WindowsPowerShell\v1.0;C:\Windows\System32\OpenSSH;C:\Program Files\dotnet;C:\Program Files\Microsoft SQL Server\130\Tools\Binn;C:\Program Files\Common Files\Autodesk Shared;C:\Program Files\Microsoft SQL Server\110\DTS\Binn;C:\Program Files (x86)\Microsoft SQL Server\110\Tools\Binn;C:\Program Files\Microsoft SQL Server\110\Tools\Binn;C:\Program Files (x86)\Microsoft SQL Server\110\Tools\Binn\ManagementStudio;C:\Program Files (x86)\Microsoft Visual Studio 10.0\Common7\IDE\PrivateAssemblies;C:\Program Files (x86)\Microsoft SQL Server\110\DTS\Binn;E:\Node.js;D:\svn\bin;E:\MyBlog\git\Git\cmd;C:\Users\zhujinfa\AppData\Local\Microsoft\WindowsApps;C:\Users\zhujinfa\.dotnet\tools;C:\Users\朱金发\AppData\Local\Programs\Microsoft VS Code\bin;C:\Users\zhujinfa\AppData\Roaming\npm;E:\MyBlog\git\Git\usr\bin\vendor_perl;E:\MyBlog\git\Git\usr\bin\core_perl

Yarn version: 
  1.22.10

Node version: 
  14.16.0

Platform: 
  win32 x64

Trace: 
  Error: Can't answer a question unless a user TTY
      at ConsoleReporter.question (C:\Users\zhujinfa\AppData\Roaming\npm\node_modules\yarn\lib\cli.js:96361:59)
      at Object.<anonymous> (C:\Users\zhujinfa\AppData\Roaming\npm\node_modules\yarn\lib\cli.js:88636:38)
      at Generator.next (<anonymous>)
      at step (C:\Users\zhujinfa\AppData\Roaming\npm\node_modules\yarn\lib\cli.js:310:30)
      at C:\Users\zhujinfa\AppData\Roaming\npm\node_modules\yarn\lib\cli.js:321:13

npm manifest: 
  No manifest

yarn manifest: 
  No manifest

Lockfile: 
  No lockfile
